2025-11-24 00:00:00 james@example.com james
2025-11-23 03:07:11 mary@example.com mary
2025-11-22 06:14:22 john@example.com john
2025-11-21 09:21:33 patricia@example.com patricia
2025-11-20 12:28:44 robert@example.com robert
2025-11-19 15:35:55 jennifer@example.com jennifer
2025-11-18 18:42:06 michael@example.com michael
2025-11-17 21:49:17 linda@example.com linda
2025-11-16 00:56:28 william@example.com william
2025-11-15 03:03:39 elizabeth@example.com elizabeth
2025-11-14 06:10:50 david@example.com david
2025-11-13 09:17:01 barbara@example.com barbara
2025-11-12 12:24:12 richard@example.com richard
2025-11-11 15:31:23 susan@example.com susan
2025-11-10 18:38:34 joseph@example.com joseph
2025-11-09 21:45:45 jessica@example.com jessica
2025-11-08 00:52:56 thomas@example.com thomas
2025-11-07 03:59:07 sarah@example.com sarah
2025-11-06 06:06:18 charles@example.com charles
2025-11-05 09:13:29 karen@example.com karen
2025-11-04 12:20:40 christopher@example.com christopher
2025-11-03 15:27:51 nancy@example.com nancy
2025-11-02 18:34:02 daniel@example.com daniel
2025-11-01 21:41:13 lisa@example.com lisa
2025-11-24 00:48:24 matthew@example.com matthew
2025-11-23 03:55:35 betty@example.com betty
2025-11-22 06:02:46 anthony@example.com anthony
2025-11-21 09:09:57 sandra@example.com sandra
2025-11-20 12:16:08 mark@example.com mark
2025-11-19 15:23:19 margaret@example.com margaret
2025-11-18 18:30:30 donald@example.com donald
2025-11-17 21:37:41 ashley@example.com ashley
2025-11-16 00:44:52 steven@example.com steven
2025-11-15 03:51:03 kimberly@example.com kimberly
2025-11-14 06:58:14 paul@example.com paul
2025-11-13 09:05:25 emily@example.com emily
2025-11-12 12:12:36 andrew@example.com andrew
2025-11-11 15:19:47 donna@example.com donna
2025-11-10 18:26:58 joshua@example.com joshua
2025-11-09 21:33:09 michelle@example.com michelle
2025-11-08 00:40:20 kenneth@example.com kenneth
2025-11-07 03:47:31 carol@example.com carol
2025-11-06 06:54:42 kevin@example.com kevin
2025-11-05 09:01:53 amanda@example.com amanda
2025-11-04 12:08:04 brian@example.com brian
2025-11-03 15:15:15 dorothy@example.com dorothy
2025-11-02 18:22:26 george@example.com george
2025-11-01 21:29:37 melissa@example.com melissa
2025-11-24 00:36:48 timothy@example.com timothy
2025-11-23 03:43:59 deborah@example.com deborah
2025-11-22 06:50:10 ronald@example.com ronald
2025-11-21 09:57:21 stephanie@example.com stephanie
2025-11-20 12:04:32 jason@example.com jason
2025-11-19 15:11:43 rebecca@example.com rebecca
2025-11-18 18:18:54 edward@example.com edward
2025-11-17 21:25:05 sharon@example.com sharon
2025-11-16 00:32:16 jeffrey@example.com jeffrey
2025-11-15 03:39:27 laura@example.com laura
2025-11-14 06:46:38 ryan@example.com ryan
2025-11-13 09:53:49 cynthia@example.com cynthia
2025-11-12 12:00:00 jacob@example.com jacob
2025-11-11 15:07:11 kathleen@example.com kathleen
2025-11-10 18:14:22 gary@example.com gary
2025-11-09 21:21:33 amy@example.com amy
2025-11-08 00:28:44 nicholas@example.com nicholas
2025-11-07 03:35:55 angela@example.com angela
2025-11-06 06:42:06 eric@example.com eric
2025-11-05 09:49:17 shirley@example.com shirley
2025-11-04 12:56:28 jonathan@example.com jonathan
2025-11-03 15:03:39 brenda@example.com brenda
2025-11-02 18:10:50 stephen@example.com stephen
2025-11-01 21:17:01 emma@example.com emma
2025-11-24 00:24:12 larry@example.com larry
2025-11-23 03:31:23 anna@example.com anna
2025-11-22 06:38:34 justin@example.com justin
2025-11-21 09:45:45 pamela@example.com pamela
2025-11-20 12:52:56 scott@example.com scott
2025-11-19 15:59:07 nicole@example.com nicole
2025-11-18 18:06:18 brandon@example.com brandon
2025-11-17 21:13:29 katherine@example.com katherine
2025-11-16 00:20:40 benjamin@example.com benjamin
2025-11-15 03:27:51 samantha@example.com samantha
2025-11-14 06:34:02 samuel@example.com samuel
2025-11-13 09:41:13 christine@example.com christine
2025-11-12 12:48:24 gregory@example.com gregory
2025-11-11 15:55:35 helen@example.com helen
2025-11-10 18:02:46 alexander@example.com alexander
2025-11-09 21:09:57 diane@example.com diane
2025-11-08 00:16:08 patrick@example.com patrick
2025-11-07 03:23:19 ruth@example.com ruth
2025-11-06 06:30:30 frank@example.com frank
2025-11-05 09:37:41 julie@example.com julie
2025-11-04 12:44:52 raymond@example.com raymond
2025-11-03 15:51:03 olivia@example.com olivia
2025-11-02 18:58:14 alexander2@example.com alexander2
2025-11-01 21:05:25 joyce@example.com joyce
2025-11-24 00:12:36 jack@example.com jack
2025-11-23 03:19:47 virginia@example.com virginia
2025-11-22 06:26:58 dennis@example.com dennis
2025-11-21 09:33:09 victoria@example.com victoria
2025-12-09 09:55:57 admin 172.16.0.2
2025-12-09 19:48:53 admin 172.16.0.2
2025-12-09 20:07:46 LOGIN admin 172.16.0.2
2025-12-09 20:08:12 LOGIN admin 172.16.0.2
2025-12-09 20:08:15 LOGOUT admin 172.16.0.2
2025-12-09 20:39:56 LOGIN admin 172.16.0.2
2025-12-09 20:40:03 LOGOUT admin 172.16.0.2